0 info it worked if it ends with ok
1 verbose cli [ 'C:\\Program Files\\nodejs\\node.exe',
1 verbose cli   'C:\\Program Files\\nodejs\\node_modules\\npm\\bin\\npm-cli.js',
1 verbose cli   'uninstall',
1 verbose cli   'nativescript-coremotion',
1 verbose cli   '--save' ]
2 info using npm@3.10.8
3 info using node@v6.9.1
4 silly loadCurrentTree Starting
5 silly install loadCurrentTree
6 silly install readLocalPackageData
7 silly install normalizeTree
8 silly loadCurrentTree Finishing
9 silly loadIdealTree Starting
10 silly install loadIdealTree
11 silly cloneCurrentTree Starting
12 silly install cloneCurrentTreeToIdealTree
13 silly cloneCurrentTree Finishing
14 silly loadShrinkwrap Starting
15 silly install loadShrinkwrap
16 silly loadShrinkwrap Finishing
17 silly loadAllDepsIntoIdealTree Starting
18 silly uninstall loadAllDepsIntoIdealtree
19 silly loadAllDepsIntoIdealTree Finishing
20 silly loadIdealTree Finishing
21 silly currentTree SurveyorNS
21 silly currentTree +-- @angular/animations@4.1.3
21 silly currentTree +-- @angular/common@4.1.3
21 silly currentTree +-- @angular/compiler@4.1.3
21 silly currentTree +-- @angular/core@4.1.3
21 silly currentTree +-- @angular/forms@4.1.3
21 silly currentTree +-- @angular/http@4.1.3
21 silly currentTree +-- @angular/platform-browser@4.1.3
21 silly currentTree +-- @angular/router@4.1.3
21 silly currentTree +-- ansi-regex@2.1.1
21 silly currentTree +-- ansi-styles@2.2.1
21 silly currentTree +-- babel-code-frame@6.22.0
21 silly currentTree +-- babel-messages@6.23.0
21 silly currentTree | `-- babel-runtime@6.23.0
21 silly currentTree +-- babel-runtime@5.8.38
21 silly currentTree | `-- core-js@1.2.7
21 silly currentTree +-- babel-traverse@6.4.5
21 silly currentTree +-- babel-types@6.4.5
21 silly currentTree +-- babylon@6.4.5
21 silly currentTree +-- balanced-match@1.0.0
21 silly currentTree +-- brace-expansion@1.1.8
21 silly currentTree +-- chalk@1.1.3
21 silly currentTree +-- concat-map@0.0.1
21 silly currentTree +-- core-js@2.4.1
21 silly currentTree +-- debug@2.6.8
21 silly currentTree +-- escape-string-regexp@1.0.5
21 silly currentTree +-- esutils@2.0.2
21 silly currentTree +-- glob@6.0.4
21 silly currentTree +-- globals@8.18.0
21 silly currentTree +-- has-ansi@2.0.0
21 silly currentTree +-- inflight@1.0.6
21 silly currentTree +-- inherits@2.0.3
21 silly currentTree +-- invariant@2.2.2
21 silly currentTree +-- is-finite@1.0.2
21 silly currentTree +-- js-tokens@3.0.2
21 silly currentTree +-- lazy@1.0.11
21 silly currentTree +-- lodash@3.10.1
21 silly currentTree +-- loose-envify@1.3.1
21 silly currentTree +-- minimatch@3.0.4
21 silly currentTree +-- minimist@0.0.8
21 silly currentTree +-- mkdirp@0.5.1
21 silly currentTree +-- ms@2.0.0
21 silly currentTree +-- nativescript-angular@3.0.0
21 silly currentTree +-- nativescript-camera@3.0.0
21 silly currentTree +-- nativescript-camera@3.0.0
21 silly currentTree +-- nativescript-cameraPreview@
21 silly currentTree +-- nativescript-coremotion@0.1.7
21 silly currentTree +-- nativescript-dev-typescript@0.4.6
21 silly currentTree +-- nativescript-hook@0.2.1
21 silly currentTree +-- nativescript-intl@3.0.0
21 silly currentTree +-- nativescript-na-camera@1.2.0
21 silly currentTree +-- nativescript-rotation-vector@2.0.1
21 silly currentTree +-- nativescript-theme-core@1.0.4
21 silly currentTree +-- number-is-nan@1.0.1
21 silly currentTree +-- once@1.4.0
21 silly currentTree +-- path-is-absolute@1.0.1
21 silly currentTree +-- reflect-metadata@0.1.10
21 silly currentTree +-- regenerator-runtime@0.10.5
21 silly currentTree +-- repeating@1.1.3
21 silly currentTree +-- rxjs@5.3.3
21 silly currentTree +-- strip-ansi@3.0.1
21 silly currentTree +-- supports-color@2.0.0
21 silly currentTree +-- symbol-observable@1.0.4
21 silly currentTree +-- tns-core-modules-widgets@3.0.1
21 silly currentTree +-- tns-core-modules@3.0.1
21 silly currentTree +-- tns-ios@3.1.0
21 silly currentTree +-- tns-platform-declarations@3.1.0
21 silly currentTree +-- to-fast-properties@1.0.3
21 silly currentTree +-- typescript@2.2.2
21 silly currentTree +-- wrappy@1.0.2
21 silly currentTree `-- zone.js@0.8.12
22 silly idealTree SurveyorNS
22 silly idealTree +-- @angular/animations@4.1.3
22 silly idealTree +-- @angular/common@4.1.3
22 silly idealTree +-- @angular/compiler@4.1.3
22 silly idealTree +-- @angular/core@4.1.3
22 silly idealTree +-- @angular/forms@4.1.3
22 silly idealTree +-- @angular/http@4.1.3
22 silly idealTree +-- @angular/platform-browser@4.1.3
22 silly idealTree +-- @angular/router@4.1.3
22 silly idealTree +-- ansi-regex@2.1.1
22 silly idealTree +-- ansi-styles@2.2.1
22 silly idealTree +-- babel-code-frame@6.22.0
22 silly idealTree +-- babel-messages@6.23.0
22 silly idealTree | `-- babel-runtime@6.23.0
22 silly idealTree +-- babel-runtime@5.8.38
22 silly idealTree | `-- core-js@1.2.7
22 silly idealTree +-- babel-traverse@6.4.5
22 silly idealTree +-- babel-types@6.4.5
22 silly idealTree +-- babylon@6.4.5
22 silly idealTree +-- balanced-match@1.0.0
22 silly idealTree +-- brace-expansion@1.1.8
22 silly idealTree +-- chalk@1.1.3
22 silly idealTree +-- concat-map@0.0.1
22 silly idealTree +-- core-js@2.4.1
22 silly idealTree +-- debug@2.6.8
22 silly idealTree +-- escape-string-regexp@1.0.5
22 silly idealTree +-- esutils@2.0.2
22 silly idealTree +-- glob@6.0.4
22 silly idealTree +-- globals@8.18.0
22 silly idealTree +-- has-ansi@2.0.0
22 silly idealTree +-- inflight@1.0.6
22 silly idealTree +-- inherits@2.0.3
22 silly idealTree +-- invariant@2.2.2
22 silly idealTree +-- is-finite@1.0.2
22 silly idealTree +-- js-tokens@3.0.2
22 silly idealTree +-- lazy@1.0.11
22 silly idealTree +-- lodash@3.10.1
22 silly idealTree +-- loose-envify@1.3.1
22 silly idealTree +-- minimatch@3.0.4
22 silly idealTree +-- minimist@0.0.8
22 silly idealTree +-- mkdirp@0.5.1
22 silly idealTree +-- ms@2.0.0
22 silly idealTree +-- nativescript-angular@3.0.0
22 silly idealTree +-- nativescript-camera@3.0.0
22 silly idealTree +-- nativescript-camera@3.0.0
22 silly idealTree +-- nativescript-cameraPreview@
22 silly idealTree +-- nativescript-dev-typescript@0.4.6
22 silly idealTree +-- nativescript-hook@0.2.1
22 silly idealTree +-- nativescript-intl@3.0.0
22 silly idealTree +-- nativescript-na-camera@1.2.0
22 silly idealTree +-- nativescript-rotation-vector@2.0.1
22 silly idealTree +-- nativescript-theme-core@1.0.4
22 silly idealTree +-- number-is-nan@1.0.1
22 silly idealTree +-- once@1.4.0
22 silly idealTree +-- path-is-absolute@1.0.1
22 silly idealTree +-- reflect-metadata@0.1.10
22 silly idealTree +-- regenerator-runtime@0.10.5
22 silly idealTree +-- repeating@1.1.3
22 silly idealTree +-- rxjs@5.3.3
22 silly idealTree +-- strip-ansi@3.0.1
22 silly idealTree +-- supports-color@2.0.0
22 silly idealTree +-- symbol-observable@1.0.4
22 silly idealTree +-- tns-core-modules-widgets@3.0.1
22 silly idealTree +-- tns-core-modules@3.0.1
22 silly idealTree +-- tns-ios@3.1.0
22 silly idealTree +-- tns-platform-declarations@3.1.0
22 silly idealTree +-- to-fast-properties@1.0.3
22 silly idealTree +-- typescript@2.2.2
22 silly idealTree +-- wrappy@1.0.2
22 silly idealTree `-- zone.js@0.8.12
23 silly generateActionsToTake Starting
24 silly install generateActionsToTake
25 silly generateActionsToTake Finishing
26 silly diffTrees action count 1
27 silly diffTrees remove nativescript-coremotion@0.1.7
28 silly decomposeActions action count 1
29 silly decomposeActions remove nativescript-coremotion@0.1.7
30 silly runTopLevelLifecycles Starting
31 silly executeActions Starting
32 silly install executeActions
33 silly doSerial global-install 0
34 silly doParallel fetch 0
35 verbose correctMkdir C:\Users\hnguyen\AppData\Roaming\npm-cache\_locks correctMkdir not in flight; initializing
36 verbose lock using C:\Users\hnguyen\AppData\Roaming\npm-cache\_locks\staging-6b231875a5a87ef0.lock for C:\Users\hnguyen\ut-site-surveyor\SurveyorNS\node_modules\.staging
37 silly doParallel extract 0
38 silly doParallel preinstall 0
39 silly doReverseSerial remove 1
40 silly remove C:\Users\hnguyen\ut-site-surveyor\SurveyorNS\node_modules\nativescript-coremotion
41 verbose unbuild node_modules\nativescript-coremotion
42 info lifecycle nativescript-coremotion@0.1.7~preuninstall: nativescript-coremotion@0.1.7
43 silly lifecycle nativescript-coremotion@0.1.7~preuninstall: no script for preuninstall, continuing
44 info lifecycle nativescript-coremotion@0.1.7~uninstall: nativescript-coremotion@0.1.7
45 silly lifecycle nativescript-coremotion@0.1.7~uninstall: no script for uninstall, continuing
46 verbose unbuild rmStuff nativescript-coremotion@0.1.7 from C:\Users\hnguyen\ut-site-surveyor\SurveyorNS\node_modules
47 info lifecycle nativescript-coremotion@0.1.7~postuninstall: nativescript-coremotion@0.1.7
48 silly lifecycle nativescript-coremotion@0.1.7~postuninstall: no script for postuninstall, continuing
49 silly gentlyRm C:\Users\hnguyen\ut-site-surveyor\SurveyorNS\node_modules\nativescript-coremotion is being purged from base C:\Users\hnguyen\ut-site-surveyor\SurveyorNS
50 verbose gentlyRm don't care about contents; nuking C:\Users\hnguyen\ut-site-surveyor\SurveyorNS\node_modules\nativescript-coremotion
51 silly vacuum-fs purging C:\Users\hnguyen\ut-site-surveyor\SurveyorNS\node_modules\nativescript-coremotion
52 silly vacuum-fs quitting because other entries in C:\Users\hnguyen\ut-site-surveyor\SurveyorNS\node_modules
53 verbose unlock done using C:\Users\hnguyen\AppData\Roaming\npm-cache\_locks\staging-6b231875a5a87ef0.lock for C:\Users\hnguyen\ut-site-surveyor\SurveyorNS\node_modules\.staging
54 silly rollbackFailedOptional Starting
55 silly rollbackFailedOptional Finishing
56 silly runTopLevelLifecycles Finishing
57 silly install printInstalled
58 verbose stack Error: EPERM: operation not permitted, unlink 'C:\Users\hnguyen\ut-site-surveyor\SurveyorNS\node_modules\nativescript-coremotion'
58 verbose stack     at Error (native)
59 verbose cwd C:\Users\hnguyen\ut-site-surveyor\SurveyorNS
60 error Windows_NT 10.0.14393
61 error argv "C:\\Program Files\\nodejs\\node.exe" "C:\\Program Files\\nodejs\\node_modules\\npm\\bin\\npm-cli.js" "uninstall" "nativescript-coremotion" "--save"
62 error node v6.9.1
63 error npm  v3.10.8
64 error path C:\Users\hnguyen\ut-site-surveyor\SurveyorNS\node_modules\nativescript-coremotion
65 error code EPERM
66 error errno -4048
67 error syscall unlink
68 error Error: EPERM: operation not permitted, unlink 'C:\Users\hnguyen\ut-site-surveyor\SurveyorNS\node_modules\nativescript-coremotion'
68 error     at Error (native)
68 error  { Error: EPERM: operation not permitted, unlink 'C:\Users\hnguyen\ut-site-surveyor\SurveyorNS\node_modules\nativescript-coremotion'
68 error     at Error (native)
68 error   errno: -4048,
68 error   code: 'EPERM',
68 error   syscall: 'unlink',
68 error   path: 'C:\\Users\\hnguyen\\ut-site-surveyor\\SurveyorNS\\node_modules\\nativescript-coremotion' }
69 error Please try running this command again as root/Administrator.
70 verbose exit [ -4048, true ]
